2011-05-30 10:01:05 URL:http://profiles.friendster.com/9100996 [30020] -> "data/009/100/996/9100996/profile.html" [1]
2011-05-30 10:01:10 URL:http://photos-p.friendster.com/photos/69/90/9100996/2_131479231.jpg [21892/21892] -> "data/009/100/996/9100996/photos/69/90/9100996/2_131479231.jpg" [1]
2011-05-30 10:01:11 URL:http://www.friendster.com/viewalbums.php?uid=9100996&page=0 [38252] -> "data/009/100/996/9100996/albums_0.html" [1]
2011-05-30 10:01:14 URL:http://www.friendster.com/viewphotos.php?a=0&uid=9100996&page=0 [33014] -> "data/009/100/996/9100996/photos_0_0.html" [1]
2011-05-30 10:01:18 URL:http://photos-p.friendster.com/photos/69/90/9100996/1_127815938.jpg [37032/37032] -> "data/009/100/996/9100996/photos/69/90/9100996/1_127815938.jpg" [1]
2011-05-30 10:01:20 URL:http://photos-p.friendster.com/photos/69/90/9100996/1_217108617.jpg [37912/37912] -> "data/009/100/996/9100996/photos/69/90/9100996/1_217108617.jpg" [1]
2011-05-30 10:01:21 URL:http://photos-p.friendster.com/photos/69/90/9100996/1_271863934.jpg [29445/29445] -> "data/009/100/996/9100996/photos/69/90/9100996/1_271863934.jpg" [1]
2011-05-30 10:01:24 URL:http://photos-p.friendster.com/photos/69/90/9100996/1_312780513.jpg [41513/41513] -> "data/009/100/996/9100996/photos/69/90/9100996/1_312780513.jpg" [1]
2011-05-30 10:01:25 URL:http://photos-p.friendster.com/photos/69/90/9100996/1_341353990.jpg [37649/37649] -> "data/009/100/996/9100996/photos/69/90/9100996/1_341353990.jpg" [1]
2011-05-30 10:01:27 URL:http://photos-p.friendster.com/photos/69/90/9100996/1_370254107.jpg [40307/40307] -> "data/009/100/996/9100996/photos/69/90/9100996/1_370254107.jpg" [1]
2011-05-30 10:01:29 URL:http://photos-p.friendster.com/photos/69/90/9100996/1_416984606.jpg [33924/33924] -> "data/009/100/996/9100996/photos/69/90/9100996/1_416984606.jpg" [1]
2011-05-30 10:01:30 URL:http://photos-p.friendster.com/photos/69/90/9100996/1_534286158.jpg [33386/33386] -> "data/009/100/996/9100996/photos/69/90/9100996/1_534286158.jpg" [1]
2011-05-30 10:01:32 URL:http://photos-p.friendster.com/photos/69/90/9100996/1_576908828.jpg [40822/40822] -> "data/009/100/996/9100996/photos/69/90/9100996/1_576908828.jpg" [1]
2011-05-30 10:01:34 URL:http://photos-p.friendster.com/photos/69/90/9100996/1_589765472.jpg [39024/39024] -> "data/009/100/996/9100996/photos/69/90/9100996/1_589765472.jpg" [1]
2011-05-30 10:01:36 URL:http://photos-p.friendster.com/photos/69/90/9100996/1_660320769.jpg [37585/37585] -> "data/009/100/996/9100996/photos/69/90/9100996/1_660320769.jpg" [1]
2011-05-30 10:01:39 URL:http://photos-p.friendster.com/photos/69/90/9100996/1_689122915.jpg [35096/35096] -> "data/009/100/996/9100996/photos/69/90/9100996/1_689122915.jpg" [1]
2011-05-30 10:01:40 URL:http://photos-p.friendster.com/photos/69/90/9100996/1_692438502.jpg [36063/36063] -> "data/009/100/996/9100996/photos/69/90/9100996/1_692438502.jpg" [1]
2011-05-30 10:01:41 URL:http://photos-p.friendster.com/photos/69/90/9100996/1_700181962.jpg [30912/30912] -> "data/009/100/996/9100996/photos/69/90/9100996/1_700181962.jpg" [1]
2011-05-30 10:01:43 URL:http://photos-p.friendster.com/photos/69/90/9100996/1_714143684.jpg [35115/35115] -> "data/009/100/996/9100996/photos/69/90/9100996/1_714143684.jpg" [1]
2011-05-30 10:01:44 URL:http://photos-p.friendster.com/photos/69/90/9100996/1_750884602.jpg [48523/48523] -> "data/009/100/996/9100996/photos/69/90/9100996/1_750884602.jpg" [1]
2011-05-30 10:01:45 URL:http://photos-p.friendster.com/photos/69/90/9100996/1_767142637.jpg [28279/28279] -> "data/009/100/996/9100996/photos/69/90/9100996/1_767142637.jpg" [1]
2011-05-30 10:01:47 URL:http://photos-p.friendster.com/photos/69/90/9100996/1_792461253.jpg [56347/56347] -> "data/009/100/996/9100996/photos/69/90/9100996/1_792461253.jpg" [1]
2011-05-30 10:01:49 URL:http://photos-p.friendster.com/photos/69/90/9100996/1_797069083.jpg [38538/38538] -> "data/009/100/996/9100996/photos/69/90/9100996/1_797069083.jpg" [1]
2011-05-30 10:01:51 URL:http://photos-p.friendster.com/photos/69/90/9100996/1_846733004.jpg [27805/27805] -> "data/009/100/996/9100996/photos/69/90/9100996/1_846733004.jpg" [1]
2011-05-30 10:01:52 URL:http://www.friendster.com/viewphotos.php?a=0&uid=9100996&page=1 [32723] -> "data/009/100/996/9100996/photos_0_1.html" [1]
2011-05-30 10:01:56 URL:http://photos-p.friendster.com/photos/69/90/9100996/0_317036839.jpg [26481/26481] -> "data/009/100/996/9100996/photos/69/90/9100996/0_317036839.jpg" [1]
2011-05-30 10:01:58 URL:http://photos-p.friendster.com/photos/69/90/9100996/0_824960676.jpg [44961/44961] -> "data/009/100/996/9100996/photos/69/90/9100996/0_824960676.jpg" [1]
2011-05-30 10:02:00 URL:http://photos-p.friendster.com/photos/69/90/9100996/0_980527304.jpg [38445/38445] -> "data/009/100/996/9100996/photos/69/90/9100996/0_980527304.jpg" [1]
2011-05-30 10:02:01 URL:http://photos-p.friendster.com/photos/69/90/9100996/15166306929661.jpg [31873/31873] -> "data/009/100/996/9100996/photos/69/90/9100996/15166306929661.jpg" [1]
2011-05-30 10:02:03 URL:http://photos-p.friendster.com/photos/69/90/9100996/32272811150806.jpg [34894/34894] -> "data/009/100/996/9100996/photos/69/90/9100996/32272811150806.jpg" [1]
2011-05-30 10:02:05 URL:http://photos-p.friendster.com/photos/69/90/9100996/32272825751575.jpg [40462/40462] -> "data/009/100/996/9100996/photos/69/90/9100996/32272825751575.jpg" [1]
2011-05-30 10:02:06 URL:http://photos-p.friendster.com/photos/69/90/9100996/32272900922921.jpg [31416/31416] -> "data/009/100/996/9100996/photos/69/90/9100996/32272900922921.jpg" [1]
2011-05-30 10:02:08 URL:http://photos-p.friendster.com/photos/69/90/9100996/3227291437660.jpg [35189/35189] -> "data/009/100/996/9100996/photos/69/90/9100996/3227291437660.jpg" [1]
2011-05-30 10:02:09 URL:http://photos-p.friendster.com/photos/69/90/9100996/3566333818776.jpg [5734/5734] -> "data/009/100/996/9100996/photos/69/90/9100996/3566333818776.jpg" [1]
2011-05-30 10:02:11 URL:http://photos-p.friendster.com/photos/69/90/9100996/35663385339817.jpg [6072/6072] -> "data/009/100/996/9100996/photos/69/90/9100996/35663385339817.jpg" [1]
2011-05-30 10:02:12 URL:http://photos-p.friendster.com/photos/69/90/9100996/35663420940262.jpg [6006/6006] -> "data/009/100/996/9100996/photos/69/90/9100996/35663420940262.jpg" [1]
2011-05-30 10:02:14 URL:http://photos-p.friendster.com/photos/69/90/9100996/35663457939774.jpg [6407/6407] -> "data/009/100/996/9100996/photos/69/90/9100996/35663457939774.jpg" [1]
2011-05-30 10:02:16 URL:http://photos-p.friendster.com/photos/69/90/9100996/36090073026635.jpg [6342/6342] -> "data/009/100/996/9100996/photos/69/90/9100996/36090073026635.jpg" [1]
2011-05-30 10:02:18 URL:http://photos-p.friendster.com/photos/69/90/9100996/36090220734810.jpg [6411/6411] -> "data/009/100/996/9100996/photos/69/90/9100996/36090220734810.jpg" [1]
2011-05-30 10:02:19 URL:http://photos-p.friendster.com/photos/69/90/9100996/36090291858213.jpg [6472/6472] -> "data/009/100/996/9100996/photos/69/90/9100996/36090291858213.jpg" [1]
2011-05-30 10:02:21 URL:http://photos-p.friendster.com/photos/69/90/9100996/36091932819906.jpg [5679/5679] -> "data/009/100/996/9100996/photos/69/90/9100996/36091932819906.jpg" [1]
2011-05-30 10:02:23 URL:http://photos-p.friendster.com/photos/69/90/9100996/37542637010846.jpg [6476/6476] -> "data/009/100/996/9100996/photos/69/90/9100996/37542637010846.jpg" [1]
2011-05-30 10:02:24 URL:http://photos-p.friendster.com/photos/69/90/9100996/37542685255175.jpg [6312/6312] -> "data/009/100/996/9100996/photos/69/90/9100996/37542685255175.jpg" [1]
2011-05-30 10:02:25 URL:http://photos-p.friendster.com/photos/69/90/9100996/3754272862554.jpg [6212/6212] -> "data/009/100/996/9100996/photos/69/90/9100996/3754272862554.jpg" [1]
2011-05-30 10:02:27 URL:http://photos-p.friendster.com/photos/69/90/9100996/38423822338125.jpg [4377/4377] -> "data/009/100/996/9100996/photos/69/90/9100996/38423822338125.jpg" [1]
2011-05-30 10:02:28 URL:http://www.friendster.com/viewphotos.php?a=0&uid=9100996&page=2 [32986] -> "data/009/100/996/9100996/photos_0_2.html" [1]
2011-05-30 10:02:31 URL:http://photos-p.friendster.com/photos/35/10/36920153/0_860915606.jpg [36531/36531] -> "data/009/100/996/9100996/photos/35/10/36920153/0_860915606.jpg" [1]
2011-05-30 10:02:33 URL:http://photos-p.friendster.com/photos/69/90/9100996/13396490517057.jpg [8273/8273] -> "data/009/100/996/9100996/photos/69/90/9100996/13396490517057.jpg" [1]
2011-05-30 10:02:35 URL:http://photos-p.friendster.com/photos/69/90/9100996/13818081547902.jpg [37808/37808] -> "data/009/100/996/9100996/photos/69/90/9100996/13818081547902.jpg" [1]
2011-05-30 10:02:36 URL:http://photos-p.friendster.com/photos/69/90/9100996/13818092937248.jpg [35359/35359] -> "data/009/100/996/9100996/photos/69/90/9100996/13818092937248.jpg" [1]
2011-05-30 10:02:38 URL:http://photos-p.friendster.com/photos/69/90/9100996/1381817406175.jpg [38940/38940] -> "data/009/100/996/9100996/photos/69/90/9100996/1381817406175.jpg" [1]
2011-05-30 10:02:41 URL:http://photos-p.friendster.com/photos/69/90/9100996/15028710226986.jpg [33906/33906] -> "data/009/100/996/9100996/photos/69/90/9100996/15028710226986.jpg" [1]
2011-05-30 10:02:42 URL:http://photos-p.friendster.com/photos/69/90/9100996/15029067761478.jpg [33561/33561] -> "data/009/100/996/9100996/photos/69/90/9100996/15029067761478.jpg" [1]
2011-05-30 10:02:43 URL:http://photos-p.friendster.com/photos/69/90/9100996/15165906757020.jpg [33324/33324] -> "data/009/100/996/9100996/photos/69/90/9100996/15165906757020.jpg" [1]
2011-05-30 10:02:45 URL:http://photos-p.friendster.com/photos/69/90/9100996/23616263219399.jpg [29450/29450] -> "data/009/100/996/9100996/photos/69/90/9100996/23616263219399.jpg" [1]
2011-05-30 10:02:46 URL:http://photos-p.friendster.com/photos/69/90/9100996/23616372352161.jpg [16016/16016] -> "data/009/100/996/9100996/photos/69/90/9100996/23616372352161.jpg" [1]
2011-05-30 10:02:48 URL:http://photos-p.friendster.com/photos/69/90/9100996/32272796033666.jpg [40766/40766] -> "data/009/100/996/9100996/photos/69/90/9100996/32272796033666.jpg" [1]
2011-05-30 10:02:49 URL:http://photos-p.friendster.com/photos/69/90/9100996/8689267856639.jpg [46876/46876] -> "data/009/100/996/9100996/photos/69/90/9100996/8689267856639.jpg" [1]
2011-05-30 10:02:51 URL:http://photos-p.friendster.com/photos/69/90/9100996/8689277430132.jpg [44269/44269] -> "data/009/100/996/9100996/photos/69/90/9100996/8689277430132.jpg" [1]
2011-05-30 10:02:53 URL:http://photos-p.friendster.com/photos/69/90/9100996/9003473648645.jpg [5342/5342] -> "data/009/100/996/9100996/photos/69/90/9100996/9003473648645.jpg" [1]
2011-05-30 10:02:54 URL:http://photos-p.friendster.com/photos/69/90/9100996/900358449693.jpg [5814/5814] -> "data/009/100/996/9100996/photos/69/90/9100996/900358449693.jpg" [1]
2011-05-30 10:02:58 URL:http://photos-p.friendster.com/photos/69/90/9100996/9026932334678.jpg [8902/8902] -> "data/009/100/996/9100996/photos/69/90/9100996/9026932334678.jpg" [1]
2011-05-30 10:02:59 URL:http://photos-p.friendster.com/photos/78/23/5033287/0_289721061.jpg [44217/44217] -> "data/009/100/996/9100996/photos/78/23/5033287/0_289721061.jpg" [1]
2011-05-30 10:03:00 URL:http://photos-p.friendster.com/photos/78/23/5033287/0_427532663.jpg [49616/49616] -> "data/009/100/996/9100996/photos/78/23/5033287/0_427532663.jpg" [1]
2011-05-30 10:03:02 URL:http://photos-p.friendster.com/photos/78/23/5033287/0_466080892.jpg [46793/46793] -> "data/009/100/996/9100996/photos/78/23/5033287/0_466080892.jpg" [1]
2011-05-30 10:03:04 URL:http://photos-p.friendster.com/photos/78/23/5033287/0_852789681.jpg [54854/54854] -> "data/009/100/996/9100996/photos/78/23/5033287/0_852789681.jpg" [1]
2011-05-30 10:03:05 URL:http://www.friendster.com/viewphotos.php?a=0&uid=9100996&page=3 [32586] -> "data/009/100/996/9100996/photos_0_3.html" [1]
2011-05-30 10:03:08 URL:http://photos-p.friendster.com/photos/01/64/30784610/1_113268136.jpg [44548/44548] -> "data/009/100/996/9100996/photos/01/64/30784610/1_113268136.jpg" [1]
2011-05-30 10:03:09 URL:http://photos-p.friendster.com/photos/01/64/30784610/1_147650974.jpg [50417/50417] -> "data/009/100/996/9100996/photos/01/64/30784610/1_147650974.jpg" [1]
2011-05-30 10:03:11 URL:http://photos-p.friendster.com/photos/01/64/30784610/1_307371730.jpg [57967/57967] -> "data/009/100/996/9100996/photos/01/64/30784610/1_307371730.jpg" [1]
2011-05-30 10:03:13 URL:http://photos-p.friendster.com/photos/01/64/30784610/1_583265150.jpg [56717/56717] -> "data/009/100/996/9100996/photos/01/64/30784610/1_583265150.jpg" [1]
2011-05-30 10:03:14 URL:http://photos-p.friendster.com/photos/01/64/30784610/1_878511301.jpg [45541/45541] -> "data/009/100/996/9100996/photos/01/64/30784610/1_878511301.jpg" [1]
2011-05-30 10:03:16 URL:http://photos-p.friendster.com/photos/01/64/30784610/1_987403981.jpg [41403/41403] -> "data/009/100/996/9100996/photos/01/64/30784610/1_987403981.jpg" [1]
2011-05-30 10:03:18 URL:http://photos-p.friendster.com/photos/35/10/36920153/0_549097218.jpg [70166/70166] -> "data/009/100/996/9100996/photos/35/10/36920153/0_549097218.jpg" [1]
2011-05-30 10:03:19 URL:http://photos-p.friendster.com/photos/35/10/36920153/0_690434854.jpg [68191/68191] -> "data/009/100/996/9100996/photos/35/10/36920153/0_690434854.jpg" [1]
2011-05-30 10:03:21 URL:http://photos-p.friendster.com/photos/35/10/36920153/0_863789783.jpg [52427/52427] -> "data/009/100/996/9100996/photos/35/10/36920153/0_863789783.jpg" [1]
2011-05-30 10:03:24 URL:http://photos-p.friendster.com/photos/49/98/19988994/1_529745756.jpg [55808/55808] -> "data/009/100/996/9100996/photos/49/98/19988994/1_529745756.jpg" [1]
2011-05-30 10:03:26 URL:http://photos-p.friendster.com/photos/49/98/19988994/1_872455424.jpg [44078/44078] -> "data/009/100/996/9100996/photos/49/98/19988994/1_872455424.jpg" [1]
2011-05-30 10:03:28 URL:http://photos-p.friendster.com/photos/78/23/5033287/1_212996539.jpg [41904/41904] -> "data/009/100/996/9100996/photos/78/23/5033287/1_212996539.jpg" [1]
2011-05-30 10:03:30 URL:http://photos-p.friendster.com/photos/78/23/5033287/1_263780177.jpg [35970/35970] -> "data/009/100/996/9100996/photos/78/23/5033287/1_263780177.jpg" [1]
2011-05-30 10:03:32 URL:http://photos-p.friendster.com/photos/78/23/5033287/1_312660208.jpg [48261/48261] -> "data/009/100/996/9100996/photos/78/23/5033287/1_312660208.jpg" [1]
2011-05-30 10:03:34 URL:http://photos-p.friendster.com/photos/78/23/5033287/1_386144535.jpg [30674/30674] -> "data/009/100/996/9100996/photos/78/23/5033287/1_386144535.jpg" [1]
2011-05-30 10:03:35 URL:http://photos-p.friendster.com/photos/78/23/5033287/1_420006168.jpg [39351/39351] -> "data/009/100/996/9100996/photos/78/23/5033287/1_420006168.jpg" [1]
2011-05-30 10:03:37 URL:http://photos-p.friendster.com/photos/78/23/5033287/1_602017364.jpg [35000/35000] -> "data/009/100/996/9100996/photos/78/23/5033287/1_602017364.jpg" [1]
2011-05-30 10:03:39 URL:http://photos-p.friendster.com/photos/78/23/5033287/1_623758073.jpg [25491/25491] -> "data/009/100/996/9100996/photos/78/23/5033287/1_623758073.jpg" [1]
2011-05-30 10:03:41 URL:http://photos-p.friendster.com/photos/78/23/5033287/1_978529454.jpg [30595/30595] -> "data/009/100/996/9100996/photos/78/23/5033287/1_978529454.jpg" [1]
2011-05-30 10:03:42 URL:http://photos-p.friendster.com/photos/78/23/5033287/1_986499140.jpg [35970/35970] -> "data/009/100/996/9100996/photos/78/23/5033287/1_986499140.jpg" [1]
2011-05-30 10:03:43 URL:http://www.friendster.com/viewphotos.php?a=0&uid=9100996&page=4 [28525] -> "data/009/100/996/9100996/photos_0_4.html" [1]
2011-05-30 10:03:46 URL:http://photos-p.friendster.com/photos/78/23/5033287/1_763794375.jpg [48243/48243] -> "data/009/100/996/9100996/photos/78/23/5033287/1_763794375.jpg" [1]
2011-05-30 10:03:48 URL:http://photos-p.friendster.com/photos/78/23/5033287/1_775547108.jpg [32977/32977] -> "data/009/100/996/9100996/photos/78/23/5033287/1_775547108.jpg" [1]
2011-05-30 10:03:49 URL:http://www.friendster.com/viewphotos.php?a=175675247&uid=9100996&page=0 [30774] -> "data/009/100/996/9100996/photos_175675247_0.html" [1]
2011-05-30 10:03:53 URL:http://photos-p.friendster.com/photos/69/90/9100996/1_207406520.jpg [34825/34825] -> "data/009/100/996/9100996/photos/69/90/9100996/1_207406520.jpg" [1]
2011-05-30 10:03:54 URL:http://photos-p.friendster.com/photos/69/90/9100996/1_212803594.jpg [44298/44298] -> "data/009/100/996/9100996/photos/69/90/9100996/1_212803594.jpg" [1]
2011-05-30 10:03:56 URL:http://photos-p.friendster.com/photos/69/90/9100996/1_234562953.jpg [45375/45375] -> "data/009/100/996/9100996/photos/69/90/9100996/1_234562953.jpg" [1]
2011-05-30 10:03:58 URL:http://photos-p.friendster.com/photos/69/90/9100996/1_375788403.jpg [30629/30629] -> "data/009/100/996/9100996/photos/69/90/9100996/1_375788403.jpg" [1]
2011-05-30 10:04:00 URL:http://photos-p.friendster.com/photos/69/90/9100996/1_380109994.jpg [46095/46095] -> "data/009/100/996/9100996/photos/69/90/9100996/1_380109994.jpg" [1]
2011-05-30 10:04:01 URL:http://photos-p.friendster.com/photos/69/90/9100996/1_426730263.jpg [30618/30618] -> "data/009/100/996/9100996/photos/69/90/9100996/1_426730263.jpg" [1]
2011-05-30 10:04:03 URL:http://photos-p.friendster.com/photos/69/90/9100996/1_431035377.jpg [34126/34126] -> "data/009/100/996/9100996/photos/69/90/9100996/1_431035377.jpg" [1]
2011-05-30 10:04:05 URL:http://photos-p.friendster.com/photos/69/90/9100996/1_561972484.jpg [33286/33286] -> "data/009/100/996/9100996/photos/69/90/9100996/1_561972484.jpg" [1]
2011-05-30 10:04:06 URL:http://photos-p.friendster.com/photos/69/90/9100996/1_644416495.jpg [29139/29139] -> "data/009/100/996/9100996/photos/69/90/9100996/1_644416495.jpg" [1]
2011-05-30 10:04:11 URL:http://photos-p.friendster.com/photos/69/90/9100996/1_662588861.jpg [39040/39040] -> "data/009/100/996/9100996/photos/69/90/9100996/1_662588861.jpg" [1]
2011-05-30 10:04:12 URL:http://photos-p.friendster.com/photos/69/90/9100996/1_748806631.jpg [29887/29887] -> "data/009/100/996/9100996/photos/69/90/9100996/1_748806631.jpg" [1]
2011-05-30 10:04:13 URL:http://photos-p.friendster.com/photos/69/90/9100996/1_776892361.jpg [26985/26985] -> "data/009/100/996/9100996/photos/69/90/9100996/1_776892361.jpg" [1]
2011-05-30 10:04:16 URL:http://photos-p.friendster.com/photos/69/90/9100996/1_825085494.jpg [36207/36207] -> "data/009/100/996/9100996/photos/69/90/9100996/1_825085494.jpg" [1]
2011-05-30 10:04:17 URL:http://photos-p.friendster.com/photos/69/90/9100996/1_856705127.jpg [35516/35516] -> "data/009/100/996/9100996/photos/69/90/9100996/1_856705127.jpg" [1]
2011-05-30 10:04:19 URL:http://www.friendster.com/viewphotos.php?a=359474917&uid=9100996&page=0 [32687] -> "data/009/100/996/9100996/photos_359474917_0.html" [1]
2011-05-30 10:04:24 URL:http://photos-p.friendster.com/photos/69/90/9100996/1_141782485.jpg [41066/41066] -> "data/009/100/996/9100996/photos/69/90/9100996/1_141782485.jpg" [1]
2011-05-30 10:04:26 URL:http://photos-p.friendster.com/photos/69/90/9100996/1_157324171.jpg [62804/62804] -> "data/009/100/996/9100996/photos/69/90/9100996/1_157324171.jpg" [1]
2011-05-30 10:04:28 URL:http://photos-p.friendster.com/photos/69/90/9100996/1_223598211.jpg [30225/30225] -> "data/009/100/996/9100996/photos/69/90/9100996/1_223598211.jpg" [1]
2011-05-30 10:04:29 URL:http://photos-p.friendster.com/photos/69/90/9100996/1_331521371.jpg [39882/39882] -> "data/009/100/996/9100996/photos/69/90/9100996/1_331521371.jpg" [1]
2011-05-30 10:04:31 URL:http://photos-p.friendster.com/photos/69/90/9100996/1_397065981.jpg [49771/49771] -> "data/009/100/996/9100996/photos/69/90/9100996/1_397065981.jpg" [1]
2011-05-30 10:04:32 URL:http://photos-p.friendster.com/photos/69/90/9100996/1_432811311.jpg [30886/30886] -> "data/009/100/996/9100996/photos/69/90/9100996/1_432811311.jpg" [1]
2011-05-30 10:04:34 URL:http://photos-p.friendster.com/photos/69/90/9100996/1_458233866.jpg [44505/44505] -> "data/009/100/996/9100996/photos/69/90/9100996/1_458233866.jpg" [1]
2011-05-30 10:04:36 URL:http://photos-p.friendster.com/photos/69/90/9100996/1_475264526.jpg [39807/39807] -> "data/009/100/996/9100996/photos/69/90/9100996/1_475264526.jpg" [1]
2011-05-30 10:04:37 URL:http://photos-p.friendster.com/photos/69/90/9100996/1_611639342.jpg [51786/51786] -> "data/009/100/996/9100996/photos/69/90/9100996/1_611639342.jpg" [1]
2011-05-30 10:04:39 URL:http://photos-p.friendster.com/photos/69/90/9100996/1_650787545.jpg [50543/50543] -> "data/009/100/996/9100996/photos/69/90/9100996/1_650787545.jpg" [1]
2011-05-30 10:04:40 URL:http://photos-p.friendster.com/photos/69/90/9100996/1_653911758.jpg [45054/45054] -> "data/009/100/996/9100996/photos/69/90/9100996/1_653911758.jpg" [1]
2011-05-30 10:04:42 URL:http://photos-p.friendster.com/photos/69/90/9100996/1_663425456.jpg [47688/47688] -> "data/009/100/996/9100996/photos/69/90/9100996/1_663425456.jpg" [1]
2011-05-30 10:04:44 URL:http://photos-p.friendster.com/photos/69/90/9100996/1_668442525.jpg [33011/33011] -> "data/009/100/996/9100996/photos/69/90/9100996/1_668442525.jpg" [1]
2011-05-30 10:04:45 URL:http://photos-p.friendster.com/photos/69/90/9100996/1_724942530.jpg [31079/31079] -> "data/009/100/996/9100996/photos/69/90/9100996/1_724942530.jpg" [1]
2011-05-30 10:04:49 URL:http://photos-p.friendster.com/photos/69/90/9100996/1_746598755.jpg [38102/38102] -> "data/009/100/996/9100996/photos/69/90/9100996/1_746598755.jpg" [1]
2011-05-30 10:04:50 URL:http://photos-p.friendster.com/photos/69/90/9100996/1_811765307.jpg [56687/56687] -> "data/009/100/996/9100996/photos/69/90/9100996/1_811765307.jpg" [1]
2011-05-30 10:04:52 URL:http://photos-p.friendster.com/photos/69/90/9100996/1_838460350.jpg [50389/50389] -> "data/009/100/996/9100996/photos/69/90/9100996/1_838460350.jpg" [1]
2011-05-30 10:04:53 URL:http://photos-p.friendster.com/photos/69/90/9100996/1_848946636.jpg [37444/37444] -> "data/009/100/996/9100996/photos/69/90/9100996/1_848946636.jpg" [1]
2011-05-30 10:04:55 URL:http://photos-p.friendster.com/photos/69/90/9100996/1_935680358.jpg [57931/57931] -> "data/009/100/996/9100996/photos/69/90/9100996/1_935680358.jpg" [1]
2011-05-30 10:04:58 URL:http://photos-p.friendster.com/photos/69/90/9100996/1_942852377.jpg [49047/49047] -> "data/009/100/996/9100996/photos/69/90/9100996/1_942852377.jpg" [1]
2011-05-30 10:04:59 URL:http://www.friendster.com/viewphotos.php?a=359474917&uid=9100996&page=1 [28106] -> "data/009/100/996/9100996/photos_359474917_1.html" [1]
2011-05-30 10:05:03 URL:http://photos-p.friendster.com/photos/69/90/9100996/1_924593033.jpg [45522/45522] -> "data/009/100/996/9100996/photos/69/90/9100996/1_924593033.jpg" [1]
2011-05-30 10:05:04 URL:http://www.friendster.com/viewphotos.php?a=361694772&uid=9100996&page=0 [30380] -> "data/009/100/996/9100996/photos_361694772_0.html" [1]
2011-05-30 10:05:07 URL:http://photos-p.friendster.com/photos/01/64/30784610/1_437618370.jpg [49773/49773] -> "data/009/100/996/9100996/photos/01/64/30784610/1_437618370.jpg" [1]
2011-05-30 10:05:08 URL:http://photos-p.friendster.com/photos/01/64/30784610/1_910959984.jpg [49875/49875] -> "data/009/100/996/9100996/photos/01/64/30784610/1_910959984.jpg" [1]
2011-05-30 10:05:12 URL:http://photos-p.friendster.com/photos/40/08/45798004/1_218694024.jpg [10989/10989] -> "data/009/100/996/9100996/photos/40/08/45798004/1_218694024.jpg" [1]
2011-05-30 10:05:12 URL:http://photos-p.friendster.com/photos/40/08/45798004/1_485296068.jpg [11960/11960] -> "data/009/100/996/9100996/photos/40/08/45798004/1_485296068.jpg" [1]
2011-05-30 10:05:14 URL:http://photos-p.friendster.com/photos/69/90/9100996/1_242008950.jpg [32463/32463] -> "data/009/100/996/9100996/photos/69/90/9100996/1_242008950.jpg" [1]
2011-05-30 10:05:15 URL:http://photos-p.friendster.com/photos/69/90/9100996/1_320699109.jpg [32680/32680] -> "data/009/100/996/9100996/photos/69/90/9100996/1_320699109.jpg" [1]
2011-05-30 10:05:16 URL:http://photos-p.friendster.com/photos/69/90/9100996/1_350546402.jpg [29089/29089] -> "data/009/100/996/9100996/photos/69/90/9100996/1_350546402.jpg" [1]
2011-05-30 10:05:18 URL:http://photos-p.friendster.com/photos/69/90/9100996/1_367969226.jpg [25811/25811] -> "data/009/100/996/9100996/photos/69/90/9100996/1_367969226.jpg" [1]
2011-05-30 10:05:20 URL:http://photos-p.friendster.com/photos/69/90/9100996/1_382835612.jpg [43292/43292] -> "data/009/100/996/9100996/photos/69/90/9100996/1_382835612.jpg" [1]
2011-05-30 10:05:22 URL:http://photos-p.friendster.com/photos/69/90/9100996/1_494236311.jpg [35834/35834] -> "data/009/100/996/9100996/photos/69/90/9100996/1_494236311.jpg" [1]
2011-05-30 10:05:25 URL:http://photos-p.friendster.com/photos/69/90/9100996/1_604223142.jpg [47658/47658] -> "data/009/100/996/9100996/photos/69/90/9100996/1_604223142.jpg" [1]
2011-05-30 10:05:26 URL:http://photos-p.friendster.com/photos/69/90/9100996/1_634911366.jpg [30205/30205] -> "data/009/100/996/9100996/photos/69/90/9100996/1_634911366.jpg" [1]
2011-05-30 10:05:28 URL:http://photos-p.friendster.com/photos/69/90/9100996/1_736568912.jpg [40355/40355] -> "data/009/100/996/9100996/photos/69/90/9100996/1_736568912.jpg" [1]
2011-05-30 10:05:29 URL:http://www.friendster.com/viewphotos.php?a=389120959&uid=9100996&page=0 [29279] -> "data/009/100/996/9100996/photos_389120959_0.html" [1]
2011-05-30 10:05:32 URL:http://photos-p.friendster.com/photos/57/42/113522475/2_280571482.jpg [37409/37409] -> "data/009/100/996/9100996/photos/57/42/113522475/2_280571482.jpg" [1]
2011-05-30 10:05:35 URL:http://photos-p.friendster.com/photos/57/42/113522475/2_537803210.jpg [42263/42263] -> "data/009/100/996/9100996/photos/57/42/113522475/2_537803210.jpg" [1]
2011-05-30 10:05:38 URL:http://photos-p.friendster.com/photos/57/42/113522475/2_651378802.jpg [37493/37493] -> "data/009/100/996/9100996/photos/57/42/113522475/2_651378802.jpg" [1]
2011-05-30 10:05:40 URL:http://photos-p.friendster.com/photos/57/42/113522475/2_891291816.jpg [45313/45313] -> "data/009/100/996/9100996/photos/57/42/113522475/2_891291816.jpg" [1]
2011-05-30 10:05:42 URL:http://photos-p.friendster.com/photos/69/90/9100996/2_588855341.jpg [29927/29927] -> "data/009/100/996/9100996/photos/69/90/9100996/2_588855341.jpg" [1]
2011-05-30 10:05:45 URL:http://photos-p.friendster.com/photos/69/90/9100996/2_658164450.jpg [31512/31512] -> "data/009/100/996/9100996/photos/69/90/9100996/2_658164450.jpg" [1]
2011-05-30 10:05:47 URL:http://photos-p.friendster.com/photos/69/90/9100996/2_962998250.jpg [24236/24236] -> "data/009/100/996/9100996/photos/69/90/9100996/2_962998250.jpg" [1]
2011-05-30 10:05:48 URL:http://www.friendster.com/viewphotos.php?a=474018233&uid=9100996&page=0 [30468] -> "data/009/100/996/9100996/photos_474018233_0.html" [1]
2011-05-30 10:05:57 URL:http://photos-p.friendster.com/photos/69/90/9100996/2_155206065.jpg [61042/61042] -> "data/009/100/996/9100996/photos/69/90/9100996/2_155206065.jpg" [1]
2011-05-30 10:05:58 URL:http://photos-p.friendster.com/photos/69/90/9100996/2_280220200.jpg [58066/58066] -> "data/009/100/996/9100996/photos/69/90/9100996/2_280220200.jpg" [1]
2011-05-30 10:05:59 URL:http://photos-p.friendster.com/photos/69/90/9100996/2_281943111.jpg [43791/43791] -> "data/009/100/996/9100996/photos/69/90/9100996/2_281943111.jpg" [1]
2011-05-30 10:06:03 URL:http://photos-p.friendster.com/photos/69/90/9100996/2_318752891.jpg [52462/52462] -> "data/009/100/996/9100996/photos/69/90/9100996/2_318752891.jpg" [1]
2011-05-30 10:06:04 URL:http://photos-p.friendster.com/photos/69/90/9100996/2_379524640.jpg [62656/62656] -> "data/009/100/996/9100996/photos/69/90/9100996/2_379524640.jpg" [1]
2011-05-30 10:06:06 URL:http://photos-p.friendster.com/photos/69/90/9100996/2_473766370.jpg [34303/34303] -> "data/009/100/996/9100996/photos/69/90/9100996/2_473766370.jpg" [1]
2011-05-30 10:06:08 URL:http://photos-p.friendster.com/photos/69/90/9100996/2_502827541.jpg [50640/50640] -> "data/009/100/996/9100996/photos/69/90/9100996/2_502827541.jpg" [1]
2011-05-30 10:06:11 URL:http://photos-p.friendster.com/photos/69/90/9100996/2_537913635.jpg [57925/57925] -> "data/009/100/996/9100996/photos/69/90/9100996/2_537913635.jpg" [1]
2011-05-30 10:06:13 URL:http://photos-p.friendster.com/photos/69/90/9100996/2_636705213.jpg [67430/67430] -> "data/009/100/996/9100996/photos/69/90/9100996/2_636705213.jpg" [1]
2011-05-30 10:06:15 URL:http://photos-p.friendster.com/photos/69/90/9100996/2_681309725.jpg [67812/67812] -> "data/009/100/996/9100996/photos/69/90/9100996/2_681309725.jpg" [1]
2011-05-30 10:06:16 URL:http://photos-p.friendster.com/photos/69/90/9100996/2_770100546.jpg [76741/76741] -> "data/009/100/996/9100996/photos/69/90/9100996/2_770100546.jpg" [1]
2011-05-30 10:06:18 URL:http://photos-p.friendster.com/photos/69/90/9100996/2_813424193.jpg [43540/43540] -> "data/009/100/996/9100996/photos/69/90/9100996/2_813424193.jpg" [1]
2011-05-30 10:06:20 URL:http://photos-p.friendster.com/photos/69/90/9100996/2_956338075.jpg [45023/45023] -> "data/009/100/996/9100996/photos/69/90/9100996/2_956338075.jpg" [1]
2011-05-30 10:06:21 URL:http://www.friendster.com/viewphotos.php?a=680004039&uid=9100996&page=0 [33142] -> "data/009/100/996/9100996/photos_680004039_0.html" [1]
2011-05-30 10:06:25 URL:http://photos-p.friendster.com/photos/69/90/9100996/1_152188992.jpg [27763/27763] -> "data/009/100/996/9100996/photos/69/90/9100996/1_152188992.jpg" [1]
2011-05-30 10:06:26 URL:http://photos-p.friendster.com/photos/69/90/9100996/1_178682396.jpg [34115/34115] -> "data/009/100/996/9100996/photos/69/90/9100996/1_178682396.jpg" [1]
2011-05-30 10:06:28 URL:http://photos-p.friendster.com/photos/69/90/9100996/1_233713169.jpg [38066/38066] -> "data/009/100/996/9100996/photos/69/90/9100996/1_233713169.jpg" [1]
2011-05-30 10:06:30 URL:http://photos-p.friendster.com/photos/69/90/9100996/1_240965896.jpg [34093/34093] -> "data/009/100/996/9100996/photos/69/90/9100996/1_240965896.jpg" [1]
2011-05-30 10:06:33 URL:http://photos-p.friendster.com/photos/69/90/9100996/1_264475644.jpg [30877/30877] -> "data/009/100/996/9100996/photos/69/90/9100996/1_264475644.jpg" [1]
2011-05-30 10:06:34 URL:http://photos-p.friendster.com/photos/69/90/9100996/1_283412231.jpg [41186/41186] -> "data/009/100/996/9100996/photos/69/90/9100996/1_283412231.jpg" [1]
2011-05-30 10:06:35 URL:http://photos-p.friendster.com/photos/69/90/9100996/1_296421981.jpg [43692/43692] -> "data/009/100/996/9100996/photos/69/90/9100996/1_296421981.jpg" [1]
2011-05-30 10:06:37 URL:http://photos-p.friendster.com/photos/69/90/9100996/1_433397541.jpg [40397/40397] -> "data/009/100/996/9100996/photos/69/90/9100996/1_433397541.jpg" [1]
2011-05-30 10:06:38 URL:http://photos-p.friendster.com/photos/69/90/9100996/1_449715789.jpg [42036/42036] -> "data/009/100/996/9100996/photos/69/90/9100996/1_449715789.jpg" [1]
2011-05-30 10:06:40 URL:http://photos-p.friendster.com/photos/69/90/9100996/1_469991291.jpg [29454/29454] -> "data/009/100/996/9100996/photos/69/90/9100996/1_469991291.jpg" [1]
2011-05-30 10:06:41 URL:http://photos-p.friendster.com/photos/69/90/9100996/1_478330148.jpg [39635/39635] -> "data/009/100/996/9100996/photos/69/90/9100996/1_478330148.jpg" [1]
2011-05-30 10:06:43 URL:http://photos-p.friendster.com/photos/69/90/9100996/1_560542483.jpg [38385/38385] -> "data/009/100/996/9100996/photos/69/90/9100996/1_560542483.jpg" [1]
2011-05-30 10:06:46 URL:http://photos-p.friendster.com/photos/69/90/9100996/1_591272761.jpg [42654/42654] -> "data/009/100/996/9100996/photos/69/90/9100996/1_591272761.jpg" [1]
2011-05-30 10:06:48 URL:http://photos-p.friendster.com/photos/69/90/9100996/1_840150981.jpg [35323/35323] -> "data/009/100/996/9100996/photos/69/90/9100996/1_840150981.jpg" [1]
2011-05-30 10:06:49 URL:http://photos-p.friendster.com/photos/69/90/9100996/1_896605149.jpg [39616/39616] -> "data/009/100/996/9100996/photos/69/90/9100996/1_896605149.jpg" [1]
2011-05-30 10:06:51 URL:http://photos-p.friendster.com/photos/69/90/9100996/1_947694902.jpg [36222/36222] -> "data/009/100/996/9100996/photos/69/90/9100996/1_947694902.jpg" [1]
2011-05-30 10:06:53 URL:http://photos-p.friendster.com/photos/69/90/9100996/2_109819529.jpg [21710/21710] -> "data/009/100/996/9100996/photos/69/90/9100996/2_109819529.jpg" [1]
2011-05-30 10:06:54 URL:http://photos-p.friendster.com/photos/69/90/9100996/2_760887689.jpg [23753/23753] -> "data/009/100/996/9100996/photos/69/90/9100996/2_760887689.jpg" [1]
2011-05-30 10:06:56 URL:http://photos-p.friendster.com/photos/69/90/9100996/2_815098490.jpg [18923/18923] -> "data/009/100/996/9100996/photos/69/90/9100996/2_815098490.jpg" [1]
2011-05-30 10:06:57 URL:http://photos-p.friendster.com/photos/69/90/9100996/2_869868236.jpg [23753/23753] -> "data/009/100/996/9100996/photos/69/90/9100996/2_869868236.jpg" [1]
2011-05-30 10:06:58 URL:http://www.friendster.com/viewphotos.php?a=680004039&uid=9100996&page=1 [32574] -> "data/009/100/996/9100996/photos_680004039_1.html" [1]
2011-05-30 10:07:01 URL:http://photos-p.friendster.com/photos/63/71/93541736/1_659693812.jpg [32368/32368] -> "data/009/100/996/9100996/photos/63/71/93541736/1_659693812.jpg" [1]
2011-05-30 10:07:03 URL:http://photos-p.friendster.com/photos/69/90/9100996/1_107472212.jpg [29964/29964] -> "data/009/100/996/9100996/photos/69/90/9100996/1_107472212.jpg" [1]
2011-05-30 10:07:05 URL:http://photos-p.friendster.com/photos/69/90/9100996/1_126180160.jpg [27562/27562] -> "data/009/100/996/9100996/photos/69/90/9100996/1_126180160.jpg" [1]
2011-05-30 10:07:07 URL:http://photos-p.friendster.com/photos/69/90/9100996/1_230087945.jpg [30083/30083] -> "data/009/100/996/9100996/photos/69/90/9100996/1_230087945.jpg" [1]
2011-05-30 10:07:09 URL:http://photos-p.friendster.com/photos/69/90/9100996/1_259621385.jpg [35021/35021] -> "data/009/100/996/9100996/photos/69/90/9100996/1_259621385.jpg" [1]
2011-05-30 10:07:12 URL:http://photos-p.friendster.com/photos/69/90/9100996/1_360750915.jpg [40795/40795] -> "data/009/100/996/9100996/photos/69/90/9100996/1_360750915.jpg" [1]
2011-05-30 10:07:14 URL:http://photos-p.friendster.com/photos/69/90/9100996/1_479360000.jpg [40965/40965] -> "data/009/100/996/9100996/photos/69/90/9100996/1_479360000.jpg" [1]
2011-05-30 10:07:16 URL:http://photos-p.friendster.com/photos/69/90/9100996/1_494708563.jpg [32144/32144] -> "data/009/100/996/9100996/photos/69/90/9100996/1_494708563.jpg" [1]
2011-05-30 10:07:17 URL:http://photos-p.friendster.com/photos/69/90/9100996/1_560093164.jpg [36003/36003] -> "data/009/100/996/9100996/photos/69/90/9100996/1_560093164.jpg" [1]
2011-05-30 10:07:19 URL:http://photos-p.friendster.com/photos/69/90/9100996/1_668289871.jpg [33835/33835] -> "data/009/100/996/9100996/photos/69/90/9100996/1_668289871.jpg" [1]
2011-05-30 10:07:22 URL:http://photos-p.friendster.com/photos/69/90/9100996/1_704008674.jpg [36496/36496] -> "data/009/100/996/9100996/photos/69/90/9100996/1_704008674.jpg" [1]
2011-05-30 10:07:25 URL:http://photos-p.friendster.com/photos/69/90/9100996/1_777475745.jpg [33150/33150] -> "data/009/100/996/9100996/photos/69/90/9100996/1_777475745.jpg" [1]
2011-05-30 10:07:26 URL:http://photos-p.friendster.com/photos/69/90/9100996/1_811283430.jpg [34946/34946] -> "data/009/100/996/9100996/photos/69/90/9100996/1_811283430.jpg" [1]
2011-05-30 10:07:29 URL:http://photos-p.friendster.com/photos/69/90/9100996/1_817065363.jpg [40856/40856] -> "data/009/100/996/9100996/photos/69/90/9100996/1_817065363.jpg" [1]
2011-05-30 10:07:31 URL:http://photos-p.friendster.com/photos/69/90/9100996/1_844971681.jpg [34180/34180] -> "data/009/100/996/9100996/photos/69/90/9100996/1_844971681.jpg" [1]
2011-05-30 10:07:32 URL:http://photos-p.friendster.com/photos/69/90/9100996/1_935993710.jpg [38924/38924] -> "data/009/100/996/9100996/photos/69/90/9100996/1_935993710.jpg" [1]
2011-05-30 10:07:34 URL:http://photos-p.friendster.com/photos/69/90/9100996/1_940328875.jpg [40617/40617] -> "data/009/100/996/9100996/photos/69/90/9100996/1_940328875.jpg" [1]
2011-05-30 10:07:37 URL:http://photos-p.friendster.com/photos/69/90/9100996/1_987485851.jpg [32596/32596] -> "data/009/100/996/9100996/photos/69/90/9100996/1_987485851.jpg" [1]
2011-05-30 10:07:39 URL:http://photos-p.friendster.com/photos/69/90/9100996/1_992792219.jpg [39963/39963] -> "data/009/100/996/9100996/photos/69/90/9100996/1_992792219.jpg" [1]
2011-05-30 10:07:42 URL:http://www.friendster.com/viewphotos.php?a=759226301&uid=9100996&page=0 [29498] -> "data/009/100/996/9100996/photos_759226301_0.html" [1]
2011-05-30 10:07:44 URL:http://photos-p.friendster.com/photos/69/90/9100996/1_141321193.jpg [31413/31413] -> "data/009/100/996/9100996/photos/69/90/9100996/1_141321193.jpg" [1]
2011-05-30 10:07:45 URL:http://photos-p.friendster.com/photos/69/90/9100996/1_202959546.jpg [31648/31648] -> "data/009/100/996/9100996/photos/69/90/9100996/1_202959546.jpg" [1]
2011-05-30 10:07:46 URL:http://photos-p.friendster.com/photos/69/90/9100996/1_361041169.jpg [33750/33750] -> "data/009/100/996/9100996/photos/69/90/9100996/1_361041169.jpg" [1]
2011-05-30 10:07:49 URL:http://photos-p.friendster.com/photos/69/90/9100996/1_459454928.jpg [24941/24941] -> "data/009/100/996/9100996/photos/69/90/9100996/1_459454928.jpg" [1]
2011-05-30 10:07:51 URL:http://photos-p.friendster.com/photos/69/90/9100996/1_461683134.jpg [35383/35383] -> "data/009/100/996/9100996/photos/69/90/9100996/1_461683134.jpg" [1]
2011-05-30 10:07:52 URL:http://photos-p.friendster.com/photos/69/90/9100996/1_506161550.jpg [32776/32776] -> "data/009/100/996/9100996/photos/69/90/9100996/1_506161550.jpg" [1]
2011-05-30 10:07:54 URL:http://photos-p.friendster.com/photos/69/90/9100996/1_619829827.jpg [37773/37773] -> "data/009/100/996/9100996/photos/69/90/9100996/1_619829827.jpg" [1]
2011-05-30 10:07:56 URL:http://photos-p.friendster.com/photos/69/90/9100996/1_944777940.jpg [38410/38410] -> "data/009/100/996/9100996/photos/69/90/9100996/1_944777940.jpg" [1]
2011-05-30 10:07:59 URL:http://photos-p.friendster.com/photos/69/90/9100996/1_947324888.jpg [45853/45853] -> "data/009/100/996/9100996/photos/69/90/9100996/1_947324888.jpg" [1]
0 redirections exceeded.
0 redirections exceeded.
0 redirections exceeded.
0 redirections exceeded.
2011-05-30 10:08:12 URL:http://profiles.friendster.com/user.php?uid=9100996 [30020] -> "data/009/100/996/9100996/comments_0.html" [1]
2011-05-30 10:08:15 URL:http://www.friendster.com/shoutoutstream.php?uid=9100996&page=1 [45720] -> "data/009/100/996/9100996/shoutout_1.html" [1]
2011-05-30 10:08:21 URL:http://profiles.friendster.com/modules/module.php?uid=9100996&_pmr=&_pmmo=13 [52] -> "data/009/100/996/9100996/module_13.html" [1]
